[debug] [2021-01-10T23:19:07.869Z] ----------------------------------------------------------------------
[debug] [2021-01-10T23:19:07.871Z] Command:       C:\Program Files\nodejs\node.exe C:\Users\joshf\AppData\Local\Yarn\Data\global\node_modules\firebase-tools\lib\bin\firebase.js deploy
[debug] [2021-01-10T23:19:07.871Z] CLI Version:   8.16.2
[debug] [2021-01-10T23:19:07.871Z] Platform:      win32
[debug] [2021-01-10T23:19:07.871Z] Node Version:  v12.19.0
[debug] [2021-01-10T23:19:07.872Z] Time:          Sun Jan 10 2021 23:19:07 GMT+0000 (Greenwich Mean Time)
[debug] [2021-01-10T23:19:07.872Z] ----------------------------------------------------------------------
[debug] [2021-01-10T23:19:07.872Z] 
[debug] [2021-01-10T23:19:07.877Z] > command requires scopes: ["email","openid","https://www.googleapis.com/auth/cloudplatformprojects.readonly","https://www.googleapis.com/auth/firebase","https://www.googleapis.com/auth/cloud-platform"]
[debug] [2021-01-10T23:19:07.878Z] > authorizing via signed-in user
[debug] [2021-01-10T23:19:07.878Z] [iam] checking project punk-api for permissions ["firebase.projects.get","firebasehosting.sites.update"]
[debug] [2021-01-10T23:19:07.880Z] >>> HTTP REQUEST POST https://cloudresourcemanager.googleapis.com/v1/projects/punk-api:testIamPermissions  
 {"permissions":["firebase.projects.get","firebasehosting.sites.update"]}
[debug] [2021-01-10T23:19:09.185Z] <<< HTTP RESPONSE 200 {"content-type":"application/json; charset=UTF-8","vary":"X-Origin, Referer, Origin,Accept-Encoding","date":"Sun, 10 Jan 2021 23:19:09 GMT","server":"ESF","cache-control":"private","x-xss-protection":"0","x-frame-options":"SAMEORIGIN","x-content-type-options":"nosniff","server-timing":"gfet4t7; dur=656","alt-svc":"h3-29=\":443\"; ma=2592000,h3-T051=\":443\"; ma=2592000,h3-Q050=\":443\"; ma=2592000,h3-Q046=\":443\"; ma=2592000,h3-Q043=\":443\"; ma=2592000,quic=\":443\"; ma=2592000; v=\"46,43\"","accept-ranges":"none","transfer-encoding":"chunked"}
[debug] [2021-01-10T23:19:09.186Z] [iam] error while checking permissions, command may fail: FirebaseError: Authorization failed. This account is missing the following required permissions on project punk-api:

  firebase.projects.get
  firebasehosting.sites.update
[debug] [2021-01-10T23:19:09.187Z] >>> HTTP REQUEST GET https://firebase.googleapis.com/v1beta1/projects/punk-api  
 
[debug] [2021-01-10T23:19:09.728Z] <<< HTTP RESPONSE 403 {"vary":"X-Origin, Referer, Origin,Accept-Encoding","content-type":"application/json; charset=UTF-8","date":"Sun, 10 Jan 2021 23:19:10 GMT","server":"ESF","cache-control":"private","x-xss-protection":"0","x-frame-options":"SAMEORIGIN","x-content-type-options":"nosniff","alt-svc":"h3-29=\":443\"; ma=2592000,h3-T051=\":443\"; ma=2592000,h3-Q050=\":443\"; ma=2592000,h3-Q046=\":443\"; ma=2592000,h3-Q043=\":443\"; ma=2592000,quic=\":443\"; ma=2592000; v=\"46,43\"","accept-ranges":"none","transfer-encoding":"chunked"}
[debug] [2021-01-10T23:19:09.728Z] <<< HTTP RESPONSE BODY {"error":{"code":403,"message":"The caller does not have permission","status":"PERMISSION_DENIED"}}
[debug] [2021-01-10T23:19:09.731Z] HTTP Error: 403, The caller does not have permission
[debug] [2021-01-10T23:19:09.798Z] FirebaseError: HTTP Error: 403, The caller does not have permission
    at module.exports (C:\Users\joshf\AppData\Local\Yarn\Data\global\node_modules\firebase-tools\lib\responseToError.js:38:12)
    at Request._callback (C:\Users\joshf\AppData\Local\Yarn\Data\global\node_modules\firebase-tools\lib\api.js:41:35)
    at Request.self.callback (C:\Users\joshf\AppData\Local\Yarn\Data\global\node_modules\request\request.js:185:22)
    at Request.emit (events.js:314:20)
    at Request.EventEmitter.emit (domain.js:483:12)
    at Request.<anonymous> (C:\Users\joshf\AppData\Local\Yarn\Data\global\node_modules\request\request.js:1154:10)
    at Request.emit (events.js:314:20)
    at Request.EventEmitter.emit (domain.js:483:12)
    at IncomingMessage.<anonymous> (C:\Users\joshf\AppData\Local\Yarn\Data\global\node_modules\request\request.js:1076:12)
    at Object.onceWrapper (events.js:420:28)
    at IncomingMessage.emit (events.js:326:22)
    at IncomingMessage.EventEmitter.emit (domain.js:483:12)
    at endReadableNT (_stream_readable.js:1223:12)
    at processTicksAndRejections (internal/process/task_queues.js:84:21)
[error] 
[error] Error: Failed to get Firebase project punk-api. Please make sure the project exists and your account has permission to access it.
[debug] [2021-01-10T23:20:22.571Z] ----------------------------------------------------------------------
[debug] [2021-01-10T23:20:22.573Z] Command:       C:\Program Files\nodejs\node.exe C:\Users\joshf\AppData\Local\Yarn\Data\global\node_modules\firebase-tools\lib\bin\firebase.js deploy
[debug] [2021-01-10T23:20:22.573Z] CLI Version:   8.16.2
[debug] [2021-01-10T23:20:22.573Z] Platform:      win32
[debug] [2021-01-10T23:20:22.573Z] Node Version:  v12.19.0
[debug] [2021-01-10T23:20:22.574Z] Time:          Sun Jan 10 2021 23:20:22 GMT+0000 (Greenwich Mean Time)
[debug] [2021-01-10T23:20:22.574Z] ----------------------------------------------------------------------
[debug] [2021-01-10T23:20:22.574Z] 
[debug] [2021-01-10T23:20:22.580Z] > command requires scopes: ["email","openid","https://www.googleapis.com/auth/cloudplatformprojects.readonly","https://www.googleapis.com/auth/firebase","https://www.googleapis.com/auth/cloud-platform"]
[debug] [2021-01-10T23:20:22.580Z] > authorizing via signed-in user
[debug] [2021-01-10T23:20:22.580Z] [iam] checking project punk-api for permissions ["firebase.projects.get","firebasehosting.sites.update"]
[debug] [2021-01-10T23:20:22.583Z] > refreshing access token with scopes: ["email","https://www.googleapis.com/auth/cloud-platform","https://www.googleapis.com/auth/cloudplatformprojects.readonly","https://www.googleapis.com/auth/firebase","openid"]
[debug] [2021-01-10T23:20:22.583Z] >>> HTTP REQUEST POST https://www.googleapis.com/oauth2/v3/token  
 <request body omitted>
[debug] [2021-01-10T23:20:23.839Z] <<< HTTP RESPONSE 200 {"date":"Sun, 10 Jan 2021 23:20:24 GMT","expires":"Mon, 01 Jan 1990 00:00:00 GMT","pragma":"no-cache","cache-control":"no-cache, no-store, max-age=0, must-revalidate","content-type":"application/json; charset=utf-8","vary":"X-Origin, Referer, Origin,Accept-Encoding","server":"scaffolding on HTTPServer2","x-xss-protection":"0","x-frame-options":"SAMEORIGIN","x-content-type-options":"nosniff","alt-svc":"h3-29=\":443\"; ma=2592000,h3-T051=\":443\"; ma=2592000,h3-Q050=\":443\"; ma=2592000,h3-Q046=\":443\"; ma=2592000,h3-Q043=\":443\"; ma=2592000,quic=\":443\"; ma=2592000; v=\"46,43\"","accept-ranges":"none","transfer-encoding":"chunked"}
[debug] [2021-01-10T23:20:23.850Z] >>> HTTP REQUEST POST https://cloudresourcemanager.googleapis.com/v1/projects/punk-api:testIamPermissions  
 {"permissions":["firebase.projects.get","firebasehosting.sites.update"]}
[debug] [2021-01-10T23:20:25.367Z] <<< HTTP RESPONSE 200 {"content-type":"application/json; charset=UTF-8","vary":"X-Origin, Referer, Origin,Accept-Encoding","date":"Sun, 10 Jan 2021 23:20:25 GMT","server":"ESF","cache-control":"private","x-xss-protection":"0","x-frame-options":"SAMEORIGIN","x-content-type-options":"nosniff","server-timing":"gfet4t7; dur=619","alt-svc":"h3-29=\":443\"; ma=2592000,h3-T051=\":443\"; ma=2592000,h3-Q050=\":443\"; ma=2592000,h3-Q046=\":443\"; ma=2592000,h3-Q043=\":443\"; ma=2592000,quic=\":443\"; ma=2592000; v=\"46,43\"","accept-ranges":"none","transfer-encoding":"chunked"}
[debug] [2021-01-10T23:20:25.369Z] [iam] error while checking permissions, command may fail: FirebaseError: Authorization failed. This account is missing the following required permissions on project punk-api:

  firebase.projects.get
  firebasehosting.sites.update
[debug] [2021-01-10T23:20:25.373Z] >>> HTTP REQUEST GET https://firebase.googleapis.com/v1beta1/projects/punk-api  
 
[debug] [2021-01-10T23:20:25.982Z] <<< HTTP RESPONSE 403 {"vary":"X-Origin, Referer, Origin,Accept-Encoding","content-type":"application/json; charset=UTF-8","date":"Sun, 10 Jan 2021 23:20:26 GMT","server":"ESF","cache-control":"private","x-xss-protection":"0","x-frame-options":"SAMEORIGIN","x-content-type-options":"nosniff","alt-svc":"h3-29=\":443\"; ma=2592000,h3-T051=\":443\"; ma=2592000,h3-Q050=\":443\"; ma=2592000,h3-Q046=\":443\"; ma=2592000,h3-Q043=\":443\"; ma=2592000,quic=\":443\"; ma=2592000; v=\"46,43\"","accept-ranges":"none","transfer-encoding":"chunked"}
[debug] [2021-01-10T23:20:25.982Z] <<< HTTP RESPONSE BODY {"error":{"code":403,"message":"The caller does not have permission","status":"PERMISSION_DENIED"}}
[debug] [2021-01-10T23:20:25.985Z] HTTP Error: 403, The caller does not have permission
[debug] [2021-01-10T23:20:26.504Z] FirebaseError: HTTP Error: 403, The caller does not have permission
    at module.exports (C:\Users\joshf\AppData\Local\Yarn\Data\global\node_modules\firebase-tools\lib\responseToError.js:38:12)
    at Request._callback (C:\Users\joshf\AppData\Local\Yarn\Data\global\node_modules\firebase-tools\lib\api.js:41:35)
    at Request.self.callback (C:\Users\joshf\AppData\Local\Yarn\Data\global\node_modules\request\request.js:185:22)
    at Request.emit (events.js:314:20)
    at Request.EventEmitter.emit (domain.js:483:12)
    at Request.<anonymous> (C:\Users\joshf\AppData\Local\Yarn\Data\global\node_modules\request\request.js:1154:10)
    at Request.emit (events.js:314:20)
    at Request.EventEmitter.emit (domain.js:483:12)
    at IncomingMessage.<anonymous> (C:\Users\joshf\AppData\Local\Yarn\Data\global\node_modules\request\request.js:1076:12)
    at Object.onceWrapper (events.js:420:28)
    at IncomingMessage.emit (events.js:326:22)
    at IncomingMessage.EventEmitter.emit (domain.js:483:12)
    at endReadableNT (_stream_readable.js:1223:12)
    at processTicksAndRejections (internal/process/task_queues.js:84:21)
[error] 
[error] Error: Failed to get Firebase project punk-api. Please make sure the project exists and your account has permission to access it.
